<?xml version="1.0" encoding="UTF-8"?>
<!-- Generated by org.testng.reporters.JUnitReportReporter -->
<testsuite hostname="DESKTOP-4D7QFBF" failures="0" tests="4" name="TTD_BankApp.Test.Admin_AddAccounts" time="3.479" errors="0" timestamp="2021-07-10T15:50:38 EET" skipped="0">
  <testcase classname="TTD_BankApp.Test.Admin_AddAccounts" name="AdminLogin" time="1.309"/>
  <system-out/>
  <testcase classname="TTD_BankApp.Test.Admin_AddAccounts" name="EnterCustomerData" time="0.386"/>
  <system-out/>
  <testcase classname="TTD_BankApp.Test.Admin_AddAccounts" name="EnterCustomerData" time="1.113"/>
  <system-out/>
  <testcase classname="TTD_BankApp.Test.Admin_AddAccounts" name="AddCustomer" time="0.671"/>
  <system-out/>
</testsuite> <!-- TTD_BankApp.Test.Admin_AddAccounts -->
