<?xml version="1.0" encoding="UTF-8"?>
<!-- Generated by org.testng.reporters.JUnitReportReporter -->
<testsuite hostname="DESKTOP-4D7QFBF" failures="0" tests="1" name="TTD_BankApp.Test.Admin_Customers" time="0.817" errors="0" timestamp="2021-07-10T15:50:38 EET" skipped="0">
  <testcase classname="TTD_BankApp.Test.Admin_Customers" name="FindCustomer" time="0.817"/>
  <system-out/>
</testsuite> <!-- TTD_BankApp.Test.Admin_Customers -->
